<?xml version="1.0" encoding="UTF-8"?>
<!-- Generated by org.testng.reporters.JUnitReportReporter -->
<testsuite skipped="0" hostname="KG-GSSL1189" name="com.kgisl.bank.FixedDepositAccountTest" tests="1" failures="0" timestamp="2023-01-24T09:21:21 IST" time="0.004" errors="0">
  <testcase name="fixedDepositTest" time="0.004" classname="com.kgisl.bank.FixedDepositAccountTest"/>
  <system-out/>
</testsuite> <!-- com.kgisl.bank.FixedDepositAccountTest -->
