<?xml version="1.0" encoding="UTF-8"?>
<!-- Generated by org.testng.reporters.JUnitReportReporter -->
<testsuite skipped="0" hostname="KG-GSSL1189" name="com.kgisl.bank.BankAccountTest" tests="1" failures="0" timestamp="2023-01-24T09:46:16 IST" time="0.016" errors="0">
  <testcase name="bankdeposite" time="0.016" classname="com.kgisl.bank.BankAccountTest"/>
  <system-out/>
</testsuite> <!-- com.kgisl.bank.BankAccountTest -->
